mode: atomic
scbake/pkg/lang/go/go.go:24.79,29.16 3 3
scbake/pkg/lang/go/go.go:29.16,31.3 1 0
scbake/pkg/lang/go/go.go:34.2,35.16 2 3
scbake/pkg/lang/go/go.go:35.16,37.3 1 0
scbake/pkg/lang/go/go.go:38.2,48.16 3 3
scbake/pkg/lang/go/go.go:48.16,50.3 1 0
scbake/pkg/lang/go/go.go:51.2,63.29 4 3
scbake/pkg/lang/go/go.go:63.29,66.17 2 2
scbake/pkg/lang/go/go.go:66.17,68.4 1 0
scbake/pkg/lang/go/go.go:71.3,72.17 2 2
scbake/pkg/lang/go/go.go:72.17,74.4 1 0
scbake/pkg/lang/go/go.go:75.3,85.17 3 2
scbake/pkg/lang/go/go.go:85.17,87.4 1 0
scbake/pkg/lang/go/go.go:88.3,94.5 1 2
scbake/pkg/lang/go/go.go:95.8,95.28 1 1
scbake/pkg/lang/go/go.go:95.28,99.17 2 1
scbake/pkg/lang/go/go.go:99.17,101.4 1 0
scbake/pkg/lang/go/go.go:102.3,108.5 1 1
scbake/pkg/lang/go/go.go:109.8,112.3 1 0
scbake/pkg/lang/go/go.go:114.2,114.18 1 3
scbake/pkg/lang/svelte/svelte.go:18.79,23.16 3 3
scbake/pkg/lang/svelte/svelte.go:23.16,25.3 1 0
scbake/pkg/lang/svelte/svelte.go:26.2,27.16 2 3
scbake/pkg/lang/svelte/svelte.go:27.16,29.3 1 0
scbake/pkg/lang/svelte/svelte.go:34.2,35.16 2 3
scbake/pkg/lang/svelte/svelte.go:35.16,37.3 1 0
scbake/pkg/lang/svelte/svelte.go:38.2,47.29 4 3
scbake/pkg/lang/svelte/svelte.go:47.29,51.17 2 2
scbake/pkg/lang/svelte/svelte.go:51.17,53.4 1 0
scbake/pkg/lang/svelte/svelte.go:54.3,71.17 3 2
scbake/pkg/lang/svelte/svelte.go:71.17,73.4 1 0
scbake/pkg/lang/svelte/svelte.go:74.3,86.17 3 2
scbake/pkg/lang/svelte/svelte.go:86.17,88.4 1 0
scbake/pkg/lang/svelte/svelte.go:89.3,102.5 1 2
scbake/pkg/lang/svelte/svelte.go:103.8,103.28 1 1
scbake/pkg/lang/svelte/svelte.go:103.28,105.3 1 0
scbake/pkg/lang/svelte/svelte.go:107.2,107.18 1 3
scbake/internal/util/sanitize.go:13.54,16.32 2 4
scbake/internal/util/sanitize.go:16.32,18.17 2 1
scbake/internal/util/sanitize.go:18.17,20.4 1 0
scbake/internal/util/sanitize.go:21.3,21.28 1 1
scbake/internal/util/sanitize.go:25.2,29.18 3 4
scbake/pkg/lang/spring/spring.go:21.79,26.16 3 3
scbake/pkg/lang/spring/spring.go:26.16,28.3 1 0
scbake/pkg/lang/spring/spring.go:29.2,30.16 2 3
scbake/pkg/lang/spring/spring.go:30.16,32.3 1 0
scbake/pkg/lang/spring/spring.go:35.2,36.16 2 3
scbake/pkg/lang/spring/spring.go:36.16,38.3 1 0
scbake/pkg/lang/spring/spring.go:39.2,49.29 4 3
scbake/pkg/lang/spring/spring.go:49.29,72.17 8 2
scbake/pkg/lang/spring/spring.go:72.17,74.4 1 0
scbake/pkg/lang/spring/spring.go:75.3,85.17 3 2
scbake/pkg/lang/spring/spring.go:85.17,87.4 1 0
scbake/pkg/lang/spring/spring.go:88.3,102.17 3 2
scbake/pkg/lang/spring/spring.go:102.17,104.4 1 0
scbake/pkg/lang/spring/spring.go:105.3,115.17 3 2
scbake/pkg/lang/spring/spring.go:115.17,117.4 1 0
scbake/pkg/lang/spring/spring.go:118.3,124.5 1 2
scbake/pkg/lang/spring/spring.go:125.8,125.28 1 1
scbake/pkg/lang/spring/spring.go:125.28,131.3 1 0
scbake/pkg/lang/spring/spring.go:133.2,133.18 1 3
scbake/internal/manifest/io.go:28.56,32.16 2 9
scbake/internal/manifest/io.go:32.16,34.3 1 0
scbake/internal/manifest/io.go:37.2,38.33 2 9
scbake/internal/manifest/io.go:38.33,40.3 1 1
scbake/internal/manifest/io.go:42.2,44.6 2 9
scbake/internal/manifest/io.go:44.6,47.50 2 19
scbake/internal/manifest/io.go:47.50,49.4 1 6
scbake/internal/manifest/io.go:54.3,55.45 2 13
scbake/internal/manifest/io.go:55.45,57.4 1 1
scbake/internal/manifest/io.go:60.3,63.24 2 12
scbake/internal/manifest/io.go:63.24,64.9 1 2
scbake/internal/manifest/io.go:66.3,66.19 1 10
scbake/internal/manifest/io.go:71.2,71.22 1 2
scbake/internal/manifest/io.go:77.62,79.16 2 2
scbake/internal/manifest/io.go:79.16,81.3 1 0
scbake/internal/manifest/io.go:84.2,90.16 3 2
scbake/internal/manifest/io.go:90.16,91.25 1 1
scbake/internal/manifest/io.go:91.25,99.4 2 1
scbake/internal/manifest/io.go:101.3,101.22 1 0
scbake/internal/manifest/io.go:104.2,105.57 2 1
scbake/internal/manifest/io.go:105.57,107.3 1 0
scbake/internal/manifest/io.go:110.2,110.60 1 1
scbake/internal/manifest/io.go:110.60,114.3 3 1
scbake/internal/manifest/io.go:116.2,116.26 1 1
scbake/internal/manifest/io.go:120.69,122.42 2 1
scbake/internal/manifest/io.go:122.42,124.3 1 0
scbake/internal/manifest/io.go:127.2,127.33 1 1
scbake/internal/manifest/io.go:127.33,129.3 1 0
scbake/internal/manifest/io.go:132.2,132.34 1 1
scbake/internal/manifest/io.go:132.34,134.3 1 0
scbake/internal/manifest/io.go:135.2,135.12 1 1
scbake/internal/manifest/io.go:140.55,142.20 2 1
scbake/internal/manifest/io.go:142.20,144.29 1 1
scbake/internal/manifest/io.go:144.29,146.4 1 1
scbake/internal/manifest/io.go:148.3,148.17 1 0
scbake/internal/manifest/io.go:151.2,155.54 4 0
scbake/internal/manifest/io.go:155.54,157.3 1 0
scbake/internal/manifest/io.go:158.2,158.12 1 0
scbake/internal/manifest/io.go:164.59,169.57 3 1
scbake/internal/manifest/io.go:169.57,171.3 1 0
scbake/internal/manifest/io.go:177.2,178.16 2 1
scbake/internal/manifest/io.go:178.16,180.3 1 0
scbake/internal/manifest/io.go:184.2,184.15 1 1
scbake/internal/manifest/io.go:184.15,185.17 1 1
scbake/internal/manifest/io.go:185.17,189.46 2 0
scbake/internal/manifest/io.go:189.46,191.5 1 0
scbake/internal/manifest/io.go:194.4,194.58 1 0
scbake/internal/manifest/io.go:194.58,196.5 1 0
scbake/internal/manifest/io.go:199.4,199.30 1 0
scbake/internal/manifest/io.go:199.30,201.5 1 0
scbake/internal/manifest/io.go:205.2,205.56 1 1
scbake/internal/manifest/io.go:205.56,207.3 1 0
scbake/internal/manifest/io.go:211.2,211.67 1 1
scbake/internal/manifest/io.go:211.67,213.3 1 0
scbake/internal/manifest/io.go:215.2,215.12 1 1
scbake/pkg/templates/ci_github/ci_github.go:20.70,25.16 3 2
scbake/pkg/templates/ci_github/ci_github.go:25.16,27.3 1 0
scbake/pkg/templates/ci_github/ci_github.go:32.2,33.16 2 2
scbake/pkg/templates/ci_github/ci_github.go:33.16,35.3 1 0
scbake/pkg/templates/ci_github/ci_github.go:36.2,44.18 2 2
scbake/pkg/templates/community/community.go:21.70,26.16 3 3
scbake/pkg/templates/community/community.go:26.16,28.3 1 0
scbake/pkg/templates/community/community.go:30.2,41.26 2 3
scbake/pkg/templates/community/community.go:41.26,43.17 2 12
scbake/pkg/templates/community/community.go:43.17,45.4 1 0
scbake/pkg/templates/community/community.go:46.3,52.5 1 12
scbake/pkg/templates/community/community.go:55.2,55.18 1 3
scbake/pkg/templates/editorconfig/editorconfig.go:20.70,25.16 3 2
scbake/pkg/templates/editorconfig/editorconfig.go:25.16,27.3 1 0
scbake/pkg/templates/editorconfig/editorconfig.go:29.2,30.16 2 2
scbake/pkg/templates/editorconfig/editorconfig.go:30.16,32.3 1 0
scbake/pkg/templates/editorconfig/editorconfig.go:33.2,41.18 2 2
scbake/internal/types/manifest.go:34.41,35.14 1 3
scbake/internal/types/manifest.go:35.14,37.3 1 1
scbake/internal/types/manifest.go:39.2,48.31 2 2
scbake/internal/types/manifest.go:48.31,50.3 1 0
scbake/internal/types/manifest.go:53.2,53.35 1 2
scbake/internal/types/manifest.go:53.35,55.3 1 0
scbake/internal/types/manifest.go:58.2,58.31 1 2
scbake/internal/types/manifest.go:58.31,66.3 2 1
scbake/internal/types/manifest.go:69.2,69.32 1 2
scbake/internal/types/manifest.go:69.32,74.3 1 1
scbake/internal/types/manifest.go:76.2,76.15 1 2
scbake/internal/types/priority.go:25.77,26.36 1 4
scbake/internal/types/priority.go:26.36,28.3 1 1
scbake/internal/types/priority.go:29.2,29.60 1 3
scbake/internal/types/priority.go:34.53,39.37 3 109
scbake/internal/types/priority.go:39.37,41.3 1 2
scbake/internal/types/priority.go:43.2,45.15 3 107
scbake/pkg/templates/devcontainer/devcontainer.go:21.70,27.16 3 2
scbake/pkg/templates/devcontainer/devcontainer.go:27.16,29.3 1 0
scbake/pkg/templates/devcontainer/devcontainer.go:32.2,33.16 2 2
scbake/pkg/templates/devcontainer/devcontainer.go:33.16,35.3 1 0
scbake/pkg/templates/devcontainer/devcontainer.go:36.2,46.16 3 2
scbake/pkg/templates/devcontainer/devcontainer.go:46.16,48.3 1 0
scbake/pkg/templates/devcontainer/devcontainer.go:49.2,57.18 2 2
scbake/pkg/templates/go_linter/go_linter.go:20.70,25.16 3 2
scbake/pkg/templates/go_linter/go_linter.go:25.16,27.3 1 0
scbake/pkg/templates/go_linter/go_linter.go:29.2,30.16 2 2
scbake/pkg/templates/go_linter/go_linter.go:30.16,32.3 1 0
scbake/pkg/templates/go_linter/go_linter.go:33.2,41.18 2 2
scbake/internal/filesystem/transaction/manager.go:42.45,44.16 2 7
scbake/internal/filesystem/transaction/manager.go:44.16,46.3 1 0
scbake/internal/filesystem/transaction/manager.go:48.2,52.8 1 7
scbake/internal/filesystem/transaction/manager.go:57.34,62.21 3 1
scbake/internal/filesystem/transaction/manager.go:62.21,64.3 1 0
scbake/internal/filesystem/transaction/manager.go:67.2,67.48 1 1
scbake/internal/filesystem/transaction/manager.go:67.48,69.3 1 0
scbake/internal/filesystem/transaction/manager.go:72.2,77.12 3 1
scbake/internal/filesystem/transaction/manager.go:82.41,83.21 1 4
scbake/internal/filesystem/transaction/manager.go:83.21,85.3 1 1
scbake/internal/filesystem/transaction/manager.go:88.2,95.61 4 3
scbake/internal/filesystem/transaction/manager.go:95.61,97.3 1 0
scbake/internal/filesystem/transaction/manager.go:99.2,100.12 2 3
scbake/internal/filesystem/transaction/manager.go:105.38,112.2 4 3
scbake/internal/filesystem/transaction/manager.go:115.32,119.2 3 3
scbake/internal/filesystem/transaction/restore.go:15.36,23.43 4 4
scbake/internal/filesystem/transaction/restore.go:23.43,28.42 2 4
scbake/internal/filesystem/transaction/restore.go:28.42,29.45 1 4
scbake/internal/filesystem/transaction/restore.go:29.45,31.5 1 0
scbake/internal/filesystem/transaction/restore.go:36.2,36.46 1 4
scbake/internal/filesystem/transaction/restore.go:36.46,39.78 1 3
scbake/internal/filesystem/transaction/restore.go:39.78,41.4 1 0
scbake/internal/filesystem/transaction/restore.go:45.2,45.21 1 4
scbake/internal/filesystem/transaction/restore.go:45.21,46.49 1 2
scbake/internal/filesystem/transaction/restore.go:46.49,48.4 1 0
scbake/internal/filesystem/transaction/restore.go:49.3,50.17 2 2
scbake/internal/filesystem/transaction/restore.go:53.2,53.19 1 4
scbake/internal/filesystem/transaction/restore.go:53.19,55.3 1 0
scbake/internal/filesystem/transaction/restore.go:57.2,57.12 1 4
scbake/internal/filesystem/transaction/track.go:15.44,20.16 4 9
scbake/internal/filesystem/transaction/track.go:20.16,22.3 1 0
scbake/internal/filesystem/transaction/track.go:25.2,25.31 1 9
scbake/internal/filesystem/transaction/track.go:25.31,27.3 1 0
scbake/internal/filesystem/transaction/track.go:29.2,30.24 2 9
scbake/internal/filesystem/transaction/track.go:30.24,34.3 2 4
scbake/internal/filesystem/transaction/track.go:35.2,35.16 1 5
scbake/internal/filesystem/transaction/track.go:35.16,38.3 1 0
scbake/internal/filesystem/transaction/track.go:41.2,41.18 1 5
scbake/internal/filesystem/transaction/track.go:41.18,50.3 1 1
scbake/internal/filesystem/transaction/track.go:52.2,52.36 1 4
scbake/internal/filesystem/transaction/track.go:55.67,57.16 2 9
scbake/internal/filesystem/transaction/track.go:57.16,59.3 1 0
scbake/internal/filesystem/transaction/track.go:64.2,65.16 2 9
scbake/internal/filesystem/transaction/track.go:65.16,67.3 1 0
scbake/internal/filesystem/transaction/track.go:71.2,71.49 1 9
scbake/internal/filesystem/transaction/track.go:71.49,76.3 1 0
scbake/internal/filesystem/transaction/track.go:78.2,78.21 1 9
scbake/internal/filesystem/transaction/track.go:81.55,82.49 1 9
scbake/internal/filesystem/transaction/track.go:82.49,84.3 1 0
scbake/internal/filesystem/transaction/track.go:85.2,85.36 1 9
scbake/internal/filesystem/transaction/track.go:85.36,86.25 1 3
scbake/internal/filesystem/transaction/track.go:86.25,88.4 1 0
scbake/internal/filesystem/transaction/track.go:90.2,90.14 1 9
scbake/internal/filesystem/transaction/track.go:93.70,94.42 1 4
scbake/internal/filesystem/transaction/track.go:94.42,96.3 1 0
scbake/internal/filesystem/transaction/track.go:100.2,107.67 3 4
scbake/internal/filesystem/transaction/track.go:107.67,109.3 1 0
scbake/internal/filesystem/transaction/track.go:112.2,117.12 2 4
scbake/internal/filesystem/transaction/util.go:15.62,20.16 4 7
scbake/internal/filesystem/transaction/util.go:20.16,22.3 1 0
scbake/internal/filesystem/transaction/util.go:23.2,23.15 1 7
scbake/internal/filesystem/transaction/util.go:23.15,24.60 1 7
scbake/internal/filesystem/transaction/util.go:24.60,26.4 1 0
scbake/internal/filesystem/transaction/util.go:31.2,32.16 2 7
scbake/internal/filesystem/transaction/util.go:32.16,34.3 1 0
scbake/internal/filesystem/transaction/util.go:35.2,35.15 1 7
scbake/internal/filesystem/transaction/util.go:35.15,36.58 1 7
scbake/internal/filesystem/transaction/util.go:36.58,38.4 1 0
scbake/internal/filesystem/transaction/util.go:41.2,41.56 1 7
scbake/internal/filesystem/transaction/util.go:41.56,43.3 1 0
scbake/internal/filesystem/transaction/util.go:47.2,47.43 1 7
scbake/internal/filesystem/transaction/util.go:47.43,49.3 1 0
scbake/internal/filesystem/transaction/util.go:51.2,51.12 1 7
scbake/pkg/templates/git/git.go:18.70,24.16 3 3
scbake/pkg/templates/git/git.go:24.16,26.3 1 0
scbake/pkg/templates/git/git.go:30.2,31.16 2 3
scbake/pkg/templates/git/git.go:31.16,33.3 1 0
scbake/pkg/templates/git/git.go:34.2,45.16 3 3
scbake/pkg/templates/git/git.go:45.16,47.3 1 0
scbake/pkg/templates/git/git.go:48.2,61.16 3 3
scbake/pkg/templates/git/git.go:61.16,63.3 1 0
scbake/pkg/templates/git/git.go:64.2,74.18 2 3
scbake/pkg/templates/makefile/makefile.go:20.70,25.16 3 2
scbake/pkg/templates/makefile/makefile.go:25.16,27.3 1 0
scbake/pkg/templates/makefile/makefile.go:29.2,30.16 2 2
scbake/pkg/templates/makefile/makefile.go:30.16,32.3 1 0
scbake/pkg/templates/makefile/makefile.go:33.2,41.18 2 2
scbake/pkg/tasks/append_file.go:25.62,27.16 2 10
scbake/pkg/tasks/append_file.go:27.16,29.3 1 0
scbake/pkg/tasks/append_file.go:32.2,32.32 1 10
scbake/pkg/tasks/append_file.go:32.32,33.46 1 1
scbake/pkg/tasks/append_file.go:33.46,35.4 1 0
scbake/pkg/tasks/append_file.go:40.2,41.16 2 10
scbake/pkg/tasks/append_file.go:41.16,42.25 1 5
scbake/pkg/tasks/append_file.go:42.25,44.17 1 5
scbake/pkg/tasks/append_file.go:44.17,46.5 1 1
scbake/pkg/tasks/append_file.go:47.4,47.71 1 4
scbake/pkg/tasks/append_file.go:49.3,49.67 1 0
scbake/pkg/tasks/append_file.go:53.2,53.77 1 5
scbake/pkg/tasks/append_file.go:53.77,55.3 1 1
scbake/pkg/tasks/append_file.go:57.2,57.15 1 4
scbake/pkg/tasks/append_file.go:57.15,59.3 1 1
scbake/pkg/tasks/append_file.go:63.2,64.16 2 3
scbake/pkg/tasks/append_file.go:64.16,66.3 1 0
scbake/pkg/tasks/append_file.go:69.2,69.15 1 3
scbake/pkg/tasks/append_file.go:69.15,70.40 1 3
scbake/pkg/tasks/append_file.go:70.40,72.4 1 3
scbake/pkg/tasks/append_file.go:76.2,76.81 1 3
scbake/pkg/tasks/append_file.go:76.81,77.47 1 2
scbake/pkg/tasks/append_file.go:77.47,79.4 1 0
scbake/pkg/tasks/append_file.go:82.2,82.51 1 3
scbake/pkg/tasks/append_file.go:82.51,84.3 1 0
scbake/pkg/tasks/append_file.go:86.2,86.12 1 3
scbake/pkg/tasks/append_file.go:90.47,90.64 1 1
scbake/pkg/tasks/append_file.go:93.41,93.62 1 1
scbake/pkg/tasks/create_directory.go:22.61,25.16 2 3
scbake/pkg/tasks/create_directory.go:25.16,27.3 1 0
scbake/pkg/tasks/create_directory.go:32.2,32.32 1 3
scbake/pkg/tasks/create_directory.go:32.32,33.46 1 1
scbake/pkg/tasks/create_directory.go:33.46,35.4 1 0
scbake/pkg/tasks/create_directory.go:39.2,39.64 1 3
scbake/pkg/tasks/create_directory.go:39.64,41.3 1 0
scbake/pkg/tasks/create_directory.go:42.2,42.12 1 3
scbake/pkg/tasks/create_directory.go:46.46,46.63 1 0
scbake/pkg/tasks/create_directory.go:49.40,49.61 1 0
scbake/pkg/tasks/create_template.go:23.75,24.19 1 0
scbake/pkg/tasks/create_template.go:24.19,26.4 1 0
scbake/pkg/tasks/create_template.go:27.3,27.28 1 0
scbake/pkg/tasks/create_template.go:28.15,29.15 1 0
scbake/pkg/tasks/create_template.go:29.15,31.5 1 0
scbake/pkg/tasks/create_template.go:32.22,33.19 1 0
scbake/pkg/tasks/create_template.go:33.19,35.5 1 0
scbake/pkg/tasks/create_template.go:37.3,37.15 1 0
scbake/pkg/tasks/create_template.go:39.70,40.25 1 0
scbake/pkg/tasks/create_template.go:40.25,42.4 1 0
scbake/pkg/tasks/create_template.go:44.3,45.39 2 0
scbake/pkg/tasks/create_template.go:45.39,47.11 2 0
scbake/pkg/tasks/create_template.go:47.11,49.5 1 0
scbake/pkg/tasks/create_template.go:50.4,50.27 1 0
scbake/pkg/tasks/create_template.go:52.3,52.19 1 0
scbake/pkg/tasks/create_template.go:78.51,80.2 1 0
scbake/pkg/tasks/create_template.go:83.45,85.2 1 0
scbake/pkg/tasks/create_template.go:88.41,92.2 3 20
scbake/pkg/tasks/create_template.go:96.130,98.14 1 13
scbake/pkg/tasks/create_template.go:98.14,100.3 1 1
scbake/pkg/tasks/create_template.go:104.2,105.16 2 12
scbake/pkg/tasks/create_template.go:105.16,106.25 1 6
scbake/pkg/tasks/create_template.go:106.25,108.4 1 6
scbake/pkg/tasks/create_template.go:109.3,109.83 1 0
scbake/pkg/tasks/create_template.go:112.2,116.37 3 6
scbake/pkg/tasks/create_template.go:116.37,118.3 1 5
scbake/pkg/tasks/create_template.go:121.2,121.24 1 6
scbake/pkg/tasks/create_template.go:121.24,123.3 1 1
scbake/pkg/tasks/create_template.go:126.2,126.34 1 5
scbake/pkg/tasks/create_template.go:126.34,128.3 1 1
scbake/pkg/tasks/create_template.go:131.2,131.36 1 4
scbake/pkg/tasks/create_template.go:131.36,133.3 1 0
scbake/pkg/tasks/create_template.go:136.2,136.73 1 4
scbake/pkg/tasks/create_template.go:139.83,140.18 1 5
scbake/pkg/tasks/create_template.go:141.19,142.27 1 1
scbake/pkg/tasks/create_template.go:143.18,145.43 2 1
scbake/pkg/tasks/create_template.go:146.20,148.17 2 1
scbake/pkg/tasks/create_template.go:149.14,150.14 1 0
scbake/pkg/tasks/create_template.go:151.10,152.128 1 2
scbake/pkg/tasks/create_template.go:157.69,160.16 2 14
scbake/pkg/tasks/create_template.go:160.16,162.3 1 0
scbake/pkg/tasks/create_template.go:163.2,164.16 2 14
scbake/pkg/tasks/create_template.go:164.16,166.3 1 0
scbake/pkg/tasks/create_template.go:168.2,171.53 3 14
scbake/pkg/tasks/create_template.go:171.53,174.3 1 1
scbake/pkg/tasks/create_template.go:177.2,178.60 2 13
scbake/pkg/tasks/create_template.go:178.60,180.3 1 0
scbake/pkg/tasks/create_template.go:182.2,182.12 1 13
scbake/pkg/tasks/create_template.go:187.72,190.16 2 14
scbake/pkg/tasks/create_template.go:190.16,192.3 1 0
scbake/pkg/tasks/create_template.go:194.2,195.16 2 14
scbake/pkg/tasks/create_template.go:195.16,197.3 1 0
scbake/pkg/tasks/create_template.go:200.2,201.27 2 14
scbake/pkg/tasks/create_template.go:201.27,203.3 1 0
scbake/pkg/tasks/create_template.go:205.2,206.47 2 14
scbake/pkg/tasks/create_template.go:206.47,208.3 1 0
scbake/pkg/tasks/create_template.go:210.2,215.86 4 14
scbake/pkg/tasks/create_template.go:215.86,217.3 1 1
scbake/pkg/tasks/create_template.go:219.2,223.16 3 13
scbake/pkg/tasks/create_template.go:223.16,225.3 1 2
scbake/pkg/tasks/create_template.go:226.2,226.21 1 11
scbake/pkg/tasks/create_template.go:226.21,228.3 1 1
scbake/pkg/tasks/create_template.go:230.2,230.15 1 10
scbake/pkg/tasks/create_template.go:230.15,232.3 1 1
scbake/pkg/tasks/create_template.go:235.2,235.18 1 9
scbake/pkg/tasks/create_template.go:235.18,236.48 1 1
scbake/pkg/tasks/create_template.go:236.48,238.4 1 0
scbake/pkg/tasks/create_template.go:243.2,244.16 2 9
scbake/pkg/tasks/create_template.go:244.16,246.3 1 0
scbake/pkg/tasks/create_template.go:248.2,248.15 1 9
scbake/pkg/tasks/create_template.go:248.15,249.40 1 9
scbake/pkg/tasks/create_template.go:249.40,251.4 1 9
scbake/pkg/tasks/create_template.go:255.2,255.49 1 9
scbake/pkg/tasks/create_template.go:255.49,257.3 1 0
scbake/pkg/tasks/create_template.go:260.2,260.37 1 9
scbake/pkg/tasks/create_template.go:260.37,262.3 1 5
scbake/pkg/tasks/create_template.go:264.2,266.12 2 9
scbake/pkg/tasks/exec_command.go:40.48,42.2 1 0
scbake/pkg/tasks/exec_command.go:45.42,47.2 1 0
scbake/pkg/tasks/exec_command.go:50.63,51.15 1 4
scbake/pkg/tasks/exec_command.go:51.15,54.3 1 1
scbake/pkg/tasks/exec_command.go:57.2,57.18 1 3
scbake/pkg/tasks/exec_command.go:57.18,58.43 1 1
scbake/pkg/tasks/exec_command.go:58.43,65.55 2 1
scbake/pkg/tasks/exec_command.go:65.55,66.49 1 1
scbake/pkg/tasks/exec_command.go:66.49,68.6 1 0
scbake/pkg/tasks/exec_command.go:76.2,79.19 2 3
scbake/pkg/tasks/exec_command.go:79.19,81.3 1 2
scbake/pkg/tasks/exec_command.go:81.8,83.3 1 1
scbake/pkg/tasks/exec_command.go:86.2,90.16 4 3
scbake/pkg/tasks/exec_command.go:90.16,92.3 1 0
scbake/pkg/tasks/exec_command.go:94.2,94.12 1 3
scbake/pkg/tasks/insert_xml.go:40.46,42.2 1 1
scbake/pkg/tasks/insert_xml.go:45.40,47.2 1 1
scbake/pkg/tasks/insert_xml.go:50.61,51.15 1 10
scbake/pkg/tasks/insert_xml.go:51.15,53.3 1 1
scbake/pkg/tasks/insert_xml.go:55.2,56.16 2 9
scbake/pkg/tasks/insert_xml.go:56.16,58.3 1 2
scbake/pkg/tasks/insert_xml.go:60.2,61.16 2 7
scbake/pkg/tasks/insert_xml.go:61.16,63.3 1 2
scbake/pkg/tasks/insert_xml.go:65.2,65.49 1 5
scbake/pkg/tasks/insert_xml.go:65.49,67.3 1 0
scbake/pkg/tasks/insert_xml.go:69.2,69.37 1 5
scbake/pkg/tasks/insert_xml.go:69.37,71.3 1 1
scbake/pkg/tasks/insert_xml.go:73.2,74.16 2 4
scbake/pkg/tasks/insert_xml.go:74.16,76.3 1 1
scbake/pkg/tasks/insert_xml.go:78.2,78.86 1 3
scbake/pkg/tasks/insert_xml.go:78.86,80.3 1 0
scbake/pkg/tasks/insert_xml.go:82.2,82.12 1 3
scbake/pkg/tasks/insert_xml.go:85.73,87.16 2 9
scbake/pkg/tasks/insert_xml.go:87.16,89.3 1 0
scbake/pkg/tasks/insert_xml.go:91.2,93.52 3 9
scbake/pkg/tasks/insert_xml.go:93.52,95.3 1 1
scbake/pkg/tasks/insert_xml.go:97.2,97.44 1 8
scbake/pkg/tasks/insert_xml.go:97.44,98.25 1 1
scbake/pkg/tasks/insert_xml.go:98.25,100.4 1 1
scbake/pkg/tasks/insert_xml.go:101.3,101.75 1 0
scbake/pkg/tasks/insert_xml.go:104.2,104.21 1 7
scbake/pkg/tasks/insert_xml.go:107.76,111.16 2 7
scbake/pkg/tasks/insert_xml.go:111.16,113.3 1 0
scbake/pkg/tasks/insert_xml.go:115.2,116.48 2 7
scbake/pkg/tasks/insert_xml.go:116.48,118.3 1 1
scbake/pkg/tasks/insert_xml.go:120.2,120.50 1 6
scbake/pkg/tasks/insert_xml.go:120.50,122.3 1 1
scbake/pkg/tasks/insert_xml.go:124.2,124.24 1 5
scbake/pkg/tasks/insert_xml.go:127.79,128.18 1 5
scbake/pkg/tasks/insert_xml.go:128.18,129.46 1 1
scbake/pkg/tasks/insert_xml.go:129.46,131.4 1 0
scbake/pkg/tasks/insert_xml.go:133.2,133.12 1 5
scbake/pkg/tasks/insert_xml.go:136.67,139.2 2 5
scbake/pkg/tasks/insert_xml.go:143.65,145.29 2 19
scbake/pkg/tasks/insert_xml.go:145.29,147.3 1 2
scbake/pkg/tasks/insert_xml.go:150.2,151.28 2 17
scbake/pkg/tasks/insert_xml.go:151.28,153.3 1 0
scbake/pkg/tasks/insert_xml.go:156.2,157.36 2 17
scbake/pkg/tasks/insert_xml.go:157.36,159.3 1 23
scbake/pkg/tasks/insert_xml.go:162.2,163.50 2 17
scbake/pkg/tasks/insert_xml.go:163.50,165.3 1 0
scbake/pkg/tasks/insert_xml.go:168.2,168.67 1 17
scbake/pkg/tasks/insert_xml.go:168.67,170.54 2 181
scbake/pkg/tasks/insert_xml.go:170.54,171.56 1 187
scbake/pkg/tasks/insert_xml.go:171.56,173.10 2 172
scbake/pkg/tasks/insert_xml.go:176.3,176.12 1 181
scbake/pkg/tasks/insert_xml.go:176.12,178.4 1 9
scbake/pkg/tasks/insert_xml.go:181.2,181.14 1 8
scbake/pkg/tasks/insert_xml.go:185.40,189.6 3 40
scbake/pkg/tasks/insert_xml.go:189.6,191.17 2 577
scbake/pkg/tasks/insert_xml.go:191.17,192.30 1 40
scbake/pkg/tasks/insert_xml.go:192.30,194.5 1 30
scbake/pkg/tasks/insert_xml.go:195.4,195.14 1 10
scbake/pkg/tasks/insert_xml.go:203.85,206.25 2 14
scbake/pkg/tasks/insert_xml.go:206.25,208.3 1 0
scbake/pkg/tasks/insert_xml.go:211.2,218.19 6 14
scbake/pkg/tasks/insert_xml.go:218.19,220.20 2 5
scbake/pkg/tasks/insert_xml.go:220.20,222.4 1 5
scbake/pkg/tasks/insert_xml.go:224.3,225.23 2 0
scbake/pkg/tasks/insert_xml.go:225.23,227.4 1 0
scbake/pkg/tasks/insert_xml.go:228.3,228.37 1 0
scbake/pkg/tasks/insert_xml.go:229.8,231.3 1 9
scbake/pkg/tasks/insert_xml.go:234.2,235.20 2 9
scbake/pkg/tasks/insert_xml.go:235.20,237.3 1 0
scbake/pkg/tasks/insert_xml.go:239.2,250.37 8 9
scbake/pkg/tasks/insert_xml.go:250.37,252.31 2 9
scbake/pkg/tasks/insert_xml.go:252.31,254.4 1 0
scbake/pkg/tasks/insert_xml.go:256.2,259.29 3 9
scbake/pkg/tasks/template_util.go:14.85,15.23 1 25
scbake/pkg/tasks/template_util.go:15.23,21.17 4 8
scbake/pkg/tasks/template_util.go:21.17,23.4 1 4
scbake/pkg/tasks/template_util.go:25.3,25.26 1 4
scbake/pkg/tasks/template_util.go:25.26,27.4 1 1
scbake/pkg/tasks/template_util.go:30.2,30.34 1 20
scbake/internal/core/executor.go:13.85,14.51 1 4
scbake/internal/core/executor.go:14.51,16.3 1 1
scbake/internal/core/executor.go:18.2,18.34 1 4
scbake/internal/core/executor.go:18.34,22.17 3 4
scbake/internal/core/executor.go:22.17,24.4 1 4
scbake/internal/core/executor.go:26.3,28.17 2 4
scbake/internal/core/executor.go:28.17,30.4 1 1
scbake/internal/core/executor.go:33.2,33.12 1 3
scbake/internal/core/run.go:51.61,56.16 3 0
scbake/internal/core/run.go:56.16,58.3 1 0
scbake/internal/core/run.go:65.2,66.16 2 0
scbake/internal/core/run.go:66.16,68.17 2 0
scbake/internal/core/run.go:68.17,70.4 1 0
scbake/internal/core/run.go:72.3,72.16 1 0
scbake/internal/core/run.go:72.16,73.42 1 0
scbake/internal/core/run.go:73.42,78.5 1 0
scbake/internal/core/run.go:82.2,88.16 4 0
scbake/internal/core/run.go:88.16,90.3 1 0
scbake/internal/core/run.go:94.2,97.50 2 0
scbake/internal/core/run.go:97.50,98.37 1 0
scbake/internal/core/run.go:98.37,100.4 1 0
scbake/internal/core/run.go:101.3,101.23 1 0
scbake/internal/core/run.go:101.23,103.4 1 0
scbake/internal/core/run.go:104.3,104.31 1 0
scbake/internal/core/run.go:104.31,106.4 1 0
scbake/internal/core/run.go:109.2,126.15 6 0
scbake/internal/core/run.go:126.15,128.3 1 0
scbake/internal/core/run.go:130.2,130.73 1 0
scbake/internal/core/run.go:142.9,144.52 2 4
scbake/internal/core/run.go:144.52,146.3 1 1
scbake/internal/core/run.go:148.2,152.33 3 3
scbake/internal/core/run.go:152.33,153.24 1 0
scbake/internal/core/run.go:153.24,155.4 1 0
scbake/internal/core/run.go:156.3,156.42 1 0
scbake/internal/core/run.go:156.42,158.4 1 0
scbake/internal/core/run.go:162.2,162.37 1 3
scbake/internal/core/run.go:162.37,163.28 1 2
scbake/internal/core/run.go:163.28,165.4 1 0
scbake/internal/core/run.go:166.3,166.46 1 2
scbake/internal/core/run.go:166.46,168.4 1 2
scbake/internal/core/run.go:174.2,175.47 2 3
scbake/internal/core/run.go:175.47,177.3 1 0
scbake/internal/core/run.go:179.2,179.51 1 3
scbake/internal/core/run.go:179.51,181.3 1 0
scbake/internal/core/run.go:183.2,185.36 2 3
scbake/internal/core/run.go:185.36,187.3 1 0
scbake/internal/core/run.go:189.2,189.12 1 3
scbake/internal/core/run.go:193.66,196.34 2 3
scbake/internal/core/run.go:196.34,198.3 1 0
scbake/internal/core/run.go:199.2,199.43 1 3
scbake/internal/core/run.go:199.43,200.38 1 1
scbake/internal/core/run.go:200.38,202.4 1 1
scbake/internal/core/run.go:205.2,206.35 2 3
scbake/internal/core/run.go:206.35,209.3 2 0
scbake/internal/core/run.go:210.2,210.44 1 3
scbake/internal/core/run.go:210.44,212.30 2 0
scbake/internal/core/run.go:212.30,214.4 1 0
scbake/internal/core/run.go:218.56,221.30 3 0
scbake/internal/core/run.go:221.30,222.15 1 0
scbake/internal/core/run.go:222.15,225.4 2 0
scbake/internal/core/run.go:227.2,227.15 1 0
scbake/internal/core/run.go:231.78,237.23 5 0
scbake/internal/core/run.go:237.23,240.17 3 0
scbake/internal/core/run.go:240.17,242.4 1 0
scbake/internal/core/run.go:243.3,243.22 1 0
scbake/internal/core/run.go:246.2,246.26 1 0
scbake/internal/core/run.go:246.26,248.59 2 0
scbake/internal/core/run.go:248.59,250.4 1 0
scbake/internal/core/run.go:252.3,252.24 1 0
scbake/internal/core/run.go:252.24,254.4 1 0
scbake/internal/core/run.go:258.2,258.19 1 0
scbake/internal/core/run.go:258.19,260.3 1 0
scbake/internal/core/run.go:262.2,262.42 1 0
scbake/internal/core/run.go:266.52,267.18 1 0
scbake/internal/core/run.go:268.12,269.39 1 0
scbake/internal/core/run.go:270.16,271.40 1 0
scbake/internal/core/run.go:272.16,273.58 1 0
scbake/internal/core/run.go:275.2,275.12 1 0
scbake/internal/core/run.go:279.96,280.60 1 0
scbake/internal/core/run.go:280.60,282.3 1 0
scbake/internal/core/run.go:284.2,285.16 2 0
scbake/internal/core/run.go:285.16,287.3 1 0
scbake/internal/core/run.go:289.2,290.16 2 0
scbake/internal/core/run.go:290.16,292.3 1 0
scbake/internal/core/run.go:294.2,294.25 1 0
scbake/internal/core/run.go:294.25,296.3 1 0
scbake/internal/core/run.go:298.2,301.16 3 0
scbake/internal/core/run.go:301.16,303.3 1 0
scbake/internal/core/run.go:305.2,311.86 2 0
scbake/internal/core/run.go:315.86,316.39 1 0
scbake/internal/core/run.go:316.39,318.17 2 0
scbake/internal/core/run.go:318.17,320.4 1 0
scbake/internal/core/run.go:322.3,323.17 2 0
scbake/internal/core/run.go:323.17,325.4 1 0
scbake/internal/core/run.go:327.3,327.25 1 0
scbake/internal/core/run.go:327.25,329.4 1 0
scbake/internal/core/run.go:329.9,331.4 1 0
scbake/internal/core/run.go:335.2,339.12 2 0
scbake/pkg/templates/maven_linter/maven_linter.go:20.80,25.16 3 9
scbake/pkg/templates/maven_linter/maven_linter.go:25.16,27.3 1 0
scbake/pkg/templates/maven_linter/maven_linter.go:30.2,31.16 2 9
scbake/pkg/templates/maven_linter/maven_linter.go:31.16,33.3 1 0
scbake/pkg/templates/maven_linter/maven_linter.go:34.2,44.16 3 9
scbake/pkg/templates/maven_linter/maven_linter.go:44.16,46.3 1 0
scbake/pkg/templates/maven_linter/maven_linter.go:49.2,50.16 2 9
scbake/pkg/templates/maven_linter/maven_linter.go:50.16,52.3 1 0
scbake/pkg/templates/maven_linter/maven_linter.go:54.2,62.18 2 9
scbake/pkg/templates/svelte_linter/svelte_linter.go:20.70,25.16 3 2
scbake/pkg/templates/svelte_linter/svelte_linter.go:25.16,27.3 1 0
scbake/pkg/templates/svelte_linter/svelte_linter.go:30.2,31.16 2 2
scbake/pkg/templates/svelte_linter/svelte_linter.go:31.16,33.3 1 0
scbake/pkg/templates/svelte_linter/svelte_linter.go:34.2,44.16 3 2
scbake/pkg/templates/svelte_linter/svelte_linter.go:44.16,46.3 1 0
scbake/pkg/templates/svelte_linter/svelte_linter.go:47.2,66.16 3 2
scbake/pkg/templates/svelte_linter/svelte_linter.go:66.16,68.3 1 0
scbake/pkg/templates/svelte_linter/svelte_linter.go:69.2,82.18 2 2
scbake/cmd/apply.go:31.52,35.20 3 5
scbake/cmd/apply.go:35.20,38.4 2 5
scbake/cmd/apply.go:41.3,42.17 2 5
scbake/cmd/apply.go:42.17,44.4 1 0
scbake/cmd/apply.go:46.3,62.53 3 5
scbake/cmd/apply.go:62.53,64.4 1 2
scbake/cmd/apply.go:65.3,66.13 2 3
scbake/cmd/apply.go:70.13,77.2 6 1
scbake/cmd/list.go:23.45,24.18 1 0
scbake/cmd/list.go:25.16,27.39 2 0
scbake/cmd/list.go:27.39,29.5 1 0
scbake/cmd/list.go:31.20,33.48 2 0
scbake/cmd/list.go:33.48,35.5 1 0
scbake/cmd/list.go:37.19,41.18 3 0
scbake/cmd/list.go:41.18,44.5 2 0
scbake/cmd/list.go:45.4,45.28 1 0
scbake/cmd/list.go:45.28,48.5 2 0
scbake/cmd/list.go:49.4,49.33 1 0
scbake/cmd/list.go:49.33,51.5 1 0
scbake/cmd/list.go:53.11,56.31 3 0
scbake/cmd/list.go:61.13,63.2 1 1
scbake/cmd/new.go:36.52,40.58 3 4
scbake/cmd/new.go:40.58,42.18 1 3
scbake/cmd/new.go:42.18,45.5 2 2
scbake/cmd/new.go:46.4,46.14 1 3
scbake/cmd/new.go:49.3,50.13 2 1
scbake/cmd/new.go:55.57,60.16 3 4
scbake/cmd/new.go:60.16,62.3 1 0
scbake/cmd/new.go:65.2,65.57 1 4
scbake/cmd/new.go:65.57,67.3 1 1
scbake/cmd/new.go:70.2,71.13 2 3
scbake/cmd/new.go:71.13,72.66 1 3
scbake/cmd/new.go:72.66,74.4 1 0
scbake/cmd/new.go:75.3,75.21 1 3
scbake/cmd/new.go:79.2,79.13 1 3
scbake/cmd/new.go:79.13,80.47 1 3
scbake/cmd/new.go:80.47,82.4 1 0
scbake/cmd/new.go:85.3,85.16 1 3
scbake/cmd/new.go:85.16,87.4 1 3
scbake/cmd/new.go:91.2,91.13 1 3
scbake/cmd/new.go:91.13,92.104 1 3
scbake/cmd/new.go:92.104,94.4 1 0
scbake/cmd/new.go:98.2,112.52 3 3
scbake/cmd/new.go:112.52,114.3 1 2
scbake/cmd/new.go:117.2,118.12 2 1
scbake/cmd/new.go:121.13,128.2 5 1
scbake/cmd/root.go:31.44,33.8 2 0
scbake/cmd/root.go:33.8,36.4 2 0
scbake/cmd/root.go:37.3,37.36 1 0
scbake/cmd/root.go:37.36,41.4 2 0
scbake/cmd/root.go:47.16,49.16 2 0
scbake/cmd/root.go:49.16,51.3 1 0
scbake/cmd/root.go:54.13,67.2 7 1
scbake/pkg/templates/compliance/compliance.go:30.70,35.16 3 1
scbake/pkg/templates/compliance/compliance.go:35.16,37.3 1 0
scbake/pkg/templates/compliance/compliance.go:40.2,75.18 9 1
scbake/pkg/templates/compliance/compliance.go:84.44,84.78 1 1
scbake/pkg/templates/compliance/compliance.go:87.38,87.59 1 1
scbake/pkg/templates/compliance/compliance.go:91.59,92.33 1 14
scbake/pkg/templates/compliance/compliance.go:92.33,94.3 1 1
scbake/pkg/templates/compliance/compliance.go:96.2,99.38 3 13
scbake/pkg/templates/compliance/compliance.go:99.38,101.3 1 1
scbake/pkg/templates/compliance/compliance.go:104.2,105.16 2 12
scbake/pkg/templates/compliance/compliance.go:105.16,107.3 1 1
scbake/pkg/templates/compliance/compliance.go:109.2,127.15 5 11
scbake/pkg/templates/compliance/compliance.go:127.15,129.3 1 1
scbake/pkg/templates/compliance/compliance.go:131.2,138.15 5 10
scbake/pkg/templates/compliance/compliance.go:138.15,141.17 2 10
scbake/pkg/templates/compliance/compliance.go:141.17,144.39 3 4
scbake/pkg/templates/compliance/compliance.go:144.39,146.5 1 4
scbake/pkg/templates/compliance/compliance.go:148.4,148.87 1 4
scbake/pkg/templates/compliance/compliance.go:148.87,150.32 1 4
scbake/pkg/templates/compliance/compliance.go:151.22,152.25 1 1
scbake/pkg/templates/compliance/compliance.go:153.21,155.41 2 1
scbake/pkg/templates/compliance/compliance.go:156.23,158.16 2 1
scbake/pkg/templates/compliance/compliance.go:159.17,160.17 1 1
scbake/pkg/templates/compliance/compliance.go:161.13,162.117 1 1
scbake/pkg/templates/compliance/compliance.go:168.2,168.18 1 8
scbake/pkg/templates/compliance/compliance.go:168.18,169.48 1 0
scbake/pkg/templates/compliance/compliance.go:169.48,171.4 1 0
scbake/pkg/templates/compliance/compliance.go:174.2,174.82 1 8
scbake/pkg/templates/compliance/compliance.go:174.82,176.3 1 0
scbake/pkg/templates/compliance/compliance.go:179.2,179.37 1 8
scbake/pkg/templates/compliance/compliance.go:179.37,181.3 1 2
scbake/pkg/templates/compliance/compliance.go:182.2,184.12 2 8
scbake/internal/ui/factory.go:13.62,16.12 1 0
scbake/internal/ui/factory.go:16.12,18.3 1 0
scbake/internal/ui/factory.go:21.2,21.19 1 0
scbake/internal/ui/factory.go:21.19,23.3 1 0
scbake/internal/ui/factory.go:25.2,25.39 1 0
scbake/internal/ui/factory.go:29.24,31.16 2 0
scbake/internal/ui/factory.go:31.16,33.3 1 0
scbake/internal/ui/factory.go:35.2,35.51 1 0
scbake/internal/ui/plain.go:16.67,18.2 1 0
scbake/internal/ui/plain.go:21.53,23.37 2 0
scbake/internal/ui/plain.go:23.37,25.3 1 0
scbake/internal/ui/plain.go:26.2,28.76 3 0
scbake/internal/ui/plain.go:32.50,34.2 1 0
scbake/internal/ui/plain.go:37.58,38.16 1 0
scbake/internal/ui/plain.go:38.16,42.3 3 0
scbake/internal/ui/plain.go:46.43,46.44 0 0
scbake/internal/ui/spinner.go:38.58,40.2 1 0
scbake/internal/ui/spinner.go:43.55,52.2 8 0
scbake/internal/ui/spinner.go:55.52,59.2 3 0
scbake/internal/ui/spinner.go:62.67,64.28 1 0
scbake/internal/ui/spinner.go:64.28,66.3 1 0
scbake/internal/ui/spinner.go:69.2,78.16 8 0
scbake/internal/ui/spinner.go:82.37,86.6 4 0
scbake/internal/ui/spinner.go:86.6,87.10 1 0
scbake/internal/ui/spinner.go:88.17,89.10 1 0
scbake/internal/ui/spinner.go:90.30,91.10 1 0
scbake/internal/ui/spinner.go:92.19,102.7 10 0
scbake/internal/ui/spinner.go:108.46,113.28 2 0
scbake/internal/ui/spinner.go:113.28,115.3 1 0
scbake/internal/ui/spinner.go:117.2,125.16 9 0
scbake/internal/ui/spinner.go:125.16,128.3 2 0
scbake/internal/ui/spinner.go:129.2,129.43 1 0
scbake/main.go:8.13,10.2 1 0
scbake/internal/preflight/checks.go:12.46,13.31 1 0
scbake/internal/preflight/checks.go:13.31,14.47 1 0
scbake/internal/preflight/checks.go:14.47,16.4 1 0
scbake/internal/preflight/checks.go:18.2,18.12 1 0
scbake/docs/examples/rust-handler/rust.go:27.60,30.16 2 0
scbake/docs/examples/rust-handler/rust.go:30.16,32.3 1 0
scbake/docs/examples/rust-handler/rust.go:34.2,71.18 10 0
scbake/docs/examples/rust-handler/rust.go:76.35,78.16 2 0
scbake/docs/examples/rust-handler/rust.go:78.16,79.66 1 0
scbake/docs/examples/rust-handler/rust.go:81.2,81.13 1 0
scbake/pkg/lang/registry.go:33.39,37.2 3 0
scbake/pkg/lang/registry.go:40.51,44.9 4 0
scbake/pkg/lang/registry.go:44.9,46.3 1 0
scbake/pkg/lang/registry.go:47.2,47.21 1 0
scbake/pkg/lang/registry.go:51.27,55.26 4 0
scbake/pkg/lang/registry.go:55.26,57.3 1 0
scbake/pkg/lang/registry.go:58.2,59.13 2 0
scbake/pkg/templates/registry.go:48.39,52.2 3 0
scbake/pkg/templates/registry.go:55.51,59.9 4 0
scbake/pkg/templates/registry.go:59.9,61.3 1 0
scbake/pkg/templates/registry.go:62.2,62.21 1 0
scbake/pkg/templates/registry.go:66.31,70.26 4 0
scbake/pkg/templates/registry.go:70.26,72.3 1 0
scbake/pkg/templates/registry.go:73.2,74.13 2 0
